<?xml version="1.0" encoding="UTF-8"?><testsuite name="nosetests" tests="18" errors="0" failures="0" skip="0"><testcase classname="boxfit.gyms.tests.test_models.TestClient" name="test__str__" time="0.037"></testcase><testcase classname="boxfit.gyms.tests.test_models.TestGym" name="test__str__" time="0.035"></testcase><testcase classname="boxfit.movements.tests.test_models.TestCategory" name="test__str__" time="0.012"></testcase><testcase classname="boxfit.movements.tests.test_models.TestMovement" name="test__str__" time="0.034"></testcase><testcase classname="boxfit.users.tests.test_admin.TestUserCreationForm" name="test_clean_email_false" time="0.024"></testcase><testcase classname="boxfit.users.tests.test_admin.TestUserCreationForm" name="test_email" time="0.013"></testcase><testcase classname="boxfit.users.tests.test_models.TestUser" name="test__str__" time="0.014"></testcase><testcase classname="boxfit.users.tests.test_models.TestUser" name="test_create_superuser" time="0.047"></testcase><testcase classname="boxfit.users.tests.test_models.TestUser" name="test_create_user" time="0.043"></testcase><testcase classname="boxfit.users.tests.test_models.TestUser" name="test_create_user_with_avatar" time="0.024"></testcase><testcase classname="boxfit.users.tests.test_models.TestUser" name="test_create_user_with_no_email" time="0.012"></testcase><testcase classname="boxfit.users.tests.test_models.TestUser" name="test_get_full_name" time="0.012"></testcase><testcase classname="boxfit.users.tests.test_models.TestUser" name="test_get_short_name" time="0.012"></testcase><testcase classname="boxfit.users.tests.test_models.TestUser" name="test_has_module_perms" time="0.012"></testcase><testcase classname="boxfit.users.tests.test_models.TestUser" name="test_has_perm" time="0.012"></testcase><testcase classname="boxfit.users.tests.test_models.TestUser" name="test_is_staff" time="0.012"></testcase><testcase classname="boxfit.workouts.tests.test_models.TestCircuitCategory" name="test__str__" time="0.012"></testcase><testcase classname="boxfit.workouts.tests.test_models.TestProgram" name="test__str__" time="0.031"></testcase></testsuite>